{"contracts/IPaymentGateway.sol":{"l":{},"path":"/home/aham/workspace/crypto-pay/blockchain/contracts/IPaymentGateway.sol","s":{},"b":{},"f":{},"fnMap":{},"statementMap":{},"branchMap":{}},"contracts/mocks/TestToken.sol":{"l":{"8":1},"path":"/home/aham/workspace/crypto-pay/blockchain/contracts/mocks/TestToken.sol","s":{"1":1},"b":{},"f":{"1":1},"fnMap":{"1":{"name":"constructor","line":7,"loc":{"start":{"line":7,"column":4},"end":{"line":9,"column":4}}}},"statementMap":{"1":{"start":{"line":8,"column":8},"end":{"line":8,"column":41}}},"branchMap":{}},"contracts/PaymentGateway.sol":{"l":{"20":3,"21":3,"22":2,"27":1,"28":1,"29":1,"30":1,"31":1,"35":0,"36":0,"37":0,"41":1,"49":4,"50":4,"51":3,"55":3},"path":"/home/aham/workspace/crypto-pay/blockchain/contracts/PaymentGateway.sol","s":{"1":3,"2":3,"3":2,"4":1,"5":1,"6":1,"7":1,"8":1,"9":0,"10":0,"11":0,"12":1,"13":0,"14":0,"15":4,"16":4},"b":{"1":[3,0],"2":[3,0],"3":[3,0],"4":[1,0],"5":[1,0],"6":[1,0],"7":[1,0],"8":[0,0],"9":[0,0],"10":[0,0],"11":[0,0],"12":[1,0],"13":[1,0],"14":[0,0],"15":[0,0],"16":[3,1]},"f":{"1":3,"2":3,"3":1,"4":0,"5":1,"6":0,"7":0,"8":4},"fnMap":{"1":{"name":"constructor","line":16,"loc":{"start":{"line":16,"column":4},"end":{"line":16,"column":61}}},"2":{"name":"payETH","line":19,"loc":{"start":{"line":19,"column":4},"end":{"line":23,"column":4}}},"3":{"name":"payERC20","line":26,"loc":{"start":{"line":26,"column":4},"end":{"line":32,"column":4}}},"4":{"name":"withdrawETH","line":34,"loc":{"start":{"line":34,"column":4},"end":{"line":38,"column":4}}},"5":{"name":"withdrawERC20","line":40,"loc":{"start":{"line":40,"column":4},"end":{"line":42,"column":4}}},"6":{"name":"pause","line":44,"loc":{"start":{"line":44,"column":4},"end":{"line":44,"column":52}}},"7":{"name":"unpause","line":45,"loc":{"start":{"line":45,"column":4},"end":{"line":45,"column":56}}},"8":{"name":"_checkAndMark","line":47,"loc":{"start":{"line":47,"column":4},"end":{"line":56,"column":4}}}},"statementMap":{"1":{"start":{"line":20,"column":8},"end":{"line":20,"column":41}},"2":{"start":{"line":21,"column":8},"end":{"line":21,"column":64}},"3":{"start":{"line":22,"column":8},"end":{"line":22,"column":72}},"4":{"start":{"line":27,"column":8},"end":{"line":27,"column":46}},"5":{"start":{"line":28,"column":8},"end":{"line":28,"column":38}},"6":{"start":{"line":29,"column":8},"end":{"line":29,"column":68}},"7":{"start":{"line":30,"column":8},"end":{"line":30,"column":56}},"8":{"start":{"line":31,"column":8},"end":{"line":31,"column":64}},"9":{"start":{"line":35,"column":8},"end":{"line":35,"column":63}},"10":{"start":{"line":36,"column":8},"end":{"line":36,"column":48}},"11":{"start":{"line":37,"column":8},"end":{"line":37,"column":39}},"12":{"start":{"line":41,"column":8},"end":{"line":41,"column":41}},"13":{"start":{"line":44,"column":42},"end":{"line":44,"column":49}},"14":{"start":{"line":45,"column":44},"end":{"line":45,"column":53}},"15":{"start":{"line":49,"column":8},"end":{"line":49,"column":63}},"16":{"start":{"line":50,"column":8},"end":{"line":50,"column":45}}},"branchMap":{"1":{"line":19,"type":"if","locations":[{"start":{"line":19,"column":63},"end":{"line":19,"column":63}},{"start":{"line":19,"column":63},"end":{"line":19,"column":63}}]},"2":{"line":19,"type":"if","locations":[{"start":{"line":19,"column":77},"end":{"line":19,"column":77}},{"start":{"line":19,"column":77},"end":{"line":19,"column":77}}]},"3":{"line":20,"type":"if","locations":[{"start":{"line":20,"column":8},"end":{"line":20,"column":8}},{"start":{"line":20,"column":8},"end":{"line":20,"column":8}}]},"4":{"line":26,"type":"if","locations":[{"start":{"line":26,"column":88},"end":{"line":26,"column":88}},{"start":{"line":26,"column":88},"end":{"line":26,"column":88}}]},"5":{"line":26,"type":"if","locations":[{"start":{"line":26,"column":102},"end":{"line":26,"column":102}},{"start":{"line":26,"column":102},"end":{"line":26,"column":102}}]},"6":{"line":27,"type":"if","locations":[{"start":{"line":27,"column":8},"end":{"line":27,"column":8}},{"start":{"line":27,"column":8},"end":{"line":27,"column":8}}]},"7":{"line":28,"type":"if","locations":[{"start":{"line":28,"column":8},"end":{"line":28,"column":8}},{"start":{"line":28,"column":8},"end":{"line":28,"column":8}}]},"8":{"line":34,"type":"if","locations":[{"start":{"line":34,"column":79},"end":{"line":34,"column":79}},{"start":{"line":34,"column":79},"end":{"line":34,"column":79}}]},"9":{"line":34,"type":"if","locations":[{"start":{"line":34,"column":89},"end":{"line":34,"column":89}},{"start":{"line":34,"column":89},"end":{"line":34,"column":89}}]},"10":{"line":35,"type":"if","locations":[{"start":{"line":35,"column":8},"end":{"line":35,"column":8}},{"start":{"line":35,"column":8},"end":{"line":35,"column":8}}]},"11":{"line":37,"type":"if","locations":[{"start":{"line":37,"column":8},"end":{"line":37,"column":8}},{"start":{"line":37,"column":8},"end":{"line":37,"column":8}}]},"12":{"line":40,"type":"if","locations":[{"start":{"line":40,"column":88},"end":{"line":40,"column":88}},{"start":{"line":40,"column":88},"end":{"line":40,"column":88}}]},"13":{"line":40,"type":"if","locations":[{"start":{"line":40,"column":98},"end":{"line":40,"column":98}},{"start":{"line":40,"column":98},"end":{"line":40,"column":98}}]},"14":{"line":44,"type":"if","locations":[{"start":{"line":44,"column":30},"end":{"line":44,"column":30}},{"start":{"line":44,"column":30},"end":{"line":44,"column":30}}]},"15":{"line":45,"type":"if","locations":[{"start":{"line":45,"column":32},"end":{"line":45,"column":32}},{"start":{"line":45,"column":32},"end":{"line":45,"column":32}}]},"16":{"line":50,"type":"if","locations":[{"start":{"line":50,"column":8},"end":{"line":50,"column":8}},{"start":{"line":50,"column":8},"end":{"line":50,"column":8}}]}}}}